2026-03-16 17:29:29,846 DEBUG DbLibraryStore [main] Attempting to lend ISBN 102938 to member ID 1
2026-03-16 17:29:29,859 INFO DbLibraryStore [main] Succesfully lent item (ISBN: 102938) to member 1
2026-03-16 17:31:54,528 DEBUG DbLibraryStore [main] Attempting to lend ISBN 238103 to member ID 1
2026-03-16 17:31:54,538 INFO DbLibraryStore [main] Succesfully lent item (ISBN: 238103) to member 1
2026-03-16 17:32:22,350 DEBUG DbLibraryStore [main] Processing return for ISBN 238103 from member 1
2026-03-16 17:32:22,362 INFO DbLibraryStore [main] Item 238103 successfully returned by member 1
2026-03-16 17:33:31,752 ERROR DbLibraryStore [main] Error removing member: Referential integrity constraint violation: "FK_MEMBER_ID: PUBLIC.LOANS FOREIGN KEY(MEMBER_ID) REFERENCES PUBLIC.MEMBERS(ID) (1)"; SQL statement:
DELETE FROM MEMBERS WHERE ID = ? [23503-240]
2026-03-16 17:34:35,734 DEBUG DbLibraryStore [main] Processing return for ISBN 102938 from member 1
2026-03-16 17:34:35,744 INFO DbLibraryStore [main] Item 102938 successfully returned by member 1
2026-03-16 17:57:12,105 DEBUG DbLibraryStore [main] Attempting to lend ISBN 102938 to member ID 1
2026-03-16 17:57:12,121 WARN DbLibraryStore [main] Transaction failed, rolling back: Referential integrity constraint violation: "FK_MEMBER_ID: PUBLIC.LOANS FOREIGN KEY(MEMBER_ID) REFERENCES PUBLIC.MEMBERS(ID) (1)"; SQL statement:
INSERT INTO LOANS (MEMBER_ID, COPY_ID, LOAN_DATE, DUE_DATE) VALUES (?, ?, ?, ?) [23506-240]
2026-03-16 18:07:32,703 DEBUG DbLibraryStore [main] Attempting to lend ISBN 238103 to member ID 1
2026-03-16 18:07:32,716 WARN DbLibraryStore [main] Transaction failed, rolling back: Referential integrity constraint violation: "FK_MEMBER_ID: PUBLIC.LOANS FOREIGN KEY(MEMBER_ID) REFERENCES PUBLIC.MEMBERS(ID) (1)"; SQL statement:
INSERT INTO LOANS (MEMBER_ID, COPY_ID, LOAN_DATE, DUE_DATE) VALUES (?, ?, ?, ?) [23506-240]
2026-03-16 18:10:40,037 DEBUG DbLibraryStore [main] Attempting to lend ISBN 238103 to member ID 1
2026-03-16 18:10:40,049 INFO DbLibraryStore [main] Succesfully lent item (ISBN: 238103) to member 1
2026-03-16 18:11:05,904 DEBUG DbLibraryStore [main] Processing return for ISBN 238103 from member 1
2026-03-16 18:11:05,912 INFO DbLibraryStore [main] Item 238103 successfully returned by member 1
2026-03-16 18:14:46,645 DEBUG DbLibraryStore [main] Attempting to lend ISBN 238103 to member ID 1
2026-03-16 18:14:46,658 INFO DbLibraryStore [main] Succesfully lent item (ISBN: 238103) to member 1
2026-03-16 18:15:15,611 DEBUG DbLibraryStore [main] Processing return for ISBN 238103 from member 1
2026-03-16 18:15:15,622 INFO DbLibraryStore [main] Item 238103 successfully returned by member 1
2026-03-16 18:20:11,139 INFO DbLibraryStore [main] Initializing database, seeding data
2026-03-16 18:20:11,169 INFO DbLibraryStore [main] Seeding initial book data...
2026-03-16 18:20:11,181 INFO DbLibraryStore [main] Database seeding successful
2026-03-16 18:20:11,256 FATAL DbLibraryStore [main] Member Member@13ad634b deleted due to repeated violation
2026-03-16 18:20:11,295 INFO DbLibraryStore [main] Initializing database, seeding data
2026-03-16 18:20:11,302 INFO DbLibraryStore [main] Seeding initial book data...
2026-03-16 18:20:11,312 INFO DbLibraryStore [main] Database seeding successful
2026-03-16 18:20:11,319 INFO DbLibraryStore [main] Title 'Test Driven Development' added to database.
2026-03-16 18:20:11,339 INFO DbLibraryStore [main] Initializing database, seeding data
2026-03-16 18:20:11,352 INFO DbLibraryStore [main] Seeding initial book data...
2026-03-16 18:20:11,360 INFO DbLibraryStore [main] Database seeding successful
2026-03-16 18:20:11,372 DEBUG DbLibraryStore [main] Attempting to lend ISBN 174213 to member ID 1
2026-03-16 18:20:11,379 INFO DbLibraryStore [main] Succesfully lent item (ISBN: 174213) to member 1
2026-03-16 18:20:11,398 INFO DbLibraryStore [main] Initializing database, seeding data
2026-03-16 18:20:11,406 INFO DbLibraryStore [main] Seeding initial book data...
2026-03-16 18:20:11,413 INFO DbLibraryStore [main] Database seeding successful
2026-03-16 18:20:11,426 INFO DbLibraryStore [main] Initializing database, seeding data
2026-03-16 18:20:11,433 INFO DbLibraryStore [main] Seeding initial book data...
2026-03-16 18:20:11,441 INFO DbLibraryStore [main] Database seeding successful
2026-03-16 18:20:11,447 INFO DbLibraryStore [main] Title 'Test Book' added to database.
2026-03-16 18:20:11,464 DEBUG DbLibraryStore [main] Attempting to lend ISBN 999999 to member ID 1
2026-03-16 18:20:11,473 INFO DbLibraryStore [main] Succesfully lent item (ISBN: 999999) to member 1
2026-03-16 18:20:11,474 DEBUG DbLibraryStore [main] Processing return for ISBN 999999 from member 1
2026-03-16 18:20:11,482 INFO DbLibraryStore [main] Item 999999 successfully returned by member 1
2026-03-16 18:20:11,493 INFO DbLibraryStore [main] Initializing database, seeding data
2026-03-16 18:20:11,500 INFO DbLibraryStore [main] Seeding initial book data...
2026-03-16 18:20:11,509 INFO DbLibraryStore [main] Database seeding successful
2026-03-16 18:20:11,565 FATAL DbLibraryStore [main] Member Member@1207a196 deleted due to repeated violation
2026-03-16 18:20:11,585 INFO DbLibraryStore [main] Initializing database, seeding data
2026-03-16 18:20:11,591 INFO DbLibraryStore [main] Seeding initial book data...
2026-03-16 18:20:11,597 INFO DbLibraryStore [main] Database seeding successful
2026-03-16 18:20:11,626 DEBUG DbLibraryStore [main] Attempting to lend ISBN 238103 to member ID 1
2026-03-16 18:20:11,633 INFO DbLibraryStore [main] Succesfully lent item (ISBN: 238103) to member 1
2026-03-16 18:20:11,633 DEBUG DbLibraryStore [main] Attempting to lend ISBN 238103 to member ID 1
2026-03-16 18:20:11,640 INFO DbLibraryStore [main] Succesfully lent item (ISBN: 238103) to member 1
2026-03-16 18:20:11,641 DEBUG DbLibraryStore [main] Attempting to lend ISBN 146123 to member ID 1
2026-03-16 18:20:11,646 INFO DbLibraryStore [main] Succesfully lent item (ISBN: 146123) to member 1
2026-03-16 18:20:11,661 INFO DbLibraryStore [main] Initializing database, seeding data
2026-03-16 18:20:11,667 INFO DbLibraryStore [main] Seeding initial book data...
2026-03-16 18:20:11,673 INFO DbLibraryStore [main] Database seeding successful
2026-03-16 18:20:11,679 DEBUG DbLibraryStore [main] Attempting to lend ISBN 102938 to member ID 0001
2026-03-16 18:20:11,685 INFO DbLibraryStore [main] Succesfully lent item (ISBN: 102938) to member 0001
2026-03-16 18:20:11,686 DEBUG DbLibraryStore [main] Attempting to lend ISBN 102938 to member ID 0001
2026-03-16 18:20:11,691 INFO DbLibraryStore [main] Succesfully lent item (ISBN: 102938) to member 0001
2026-03-16 18:20:11,692 DEBUG DbLibraryStore [main] Attempting to lend ISBN 102938 to member ID 0001
2026-03-16 18:20:11,698 INFO DbLibraryStore [main] Succesfully lent item (ISBN: 102938) to member 0001
2026-03-16 18:20:11,710 INFO DbLibraryStore [main] Initializing database, seeding data
2026-03-16 18:20:11,717 INFO DbLibraryStore [main] Seeding initial book data...
2026-03-16 18:20:11,723 INFO DbLibraryStore [main] Database seeding successful
2026-03-16 18:20:25,279 INFO DbLibraryStore [main] Initializing database, seeding data
2026-03-16 18:20:25,307 INFO DbLibraryStore [main] Seeding initial book data...
2026-03-16 18:20:25,316 INFO DbLibraryStore [main] Database seeding successful
2026-03-16 18:20:25,384 FATAL DbLibraryStore [main] Member Member@13ad634b deleted due to repeated violation
2026-03-16 18:20:25,422 INFO DbLibraryStore [main] Initializing database, seeding data
2026-03-16 18:20:25,430 INFO DbLibraryStore [main] Seeding initial book data...
2026-03-16 18:20:25,438 INFO DbLibraryStore [main] Database seeding successful
2026-03-16 18:20:25,447 INFO DbLibraryStore [main] Title 'Test Driven Development' added to database.
2026-03-16 18:20:25,465 INFO DbLibraryStore [main] Initializing database, seeding data
2026-03-16 18:20:25,473 INFO DbLibraryStore [main] Seeding initial book data...
2026-03-16 18:20:25,478 INFO DbLibraryStore [main] Database seeding successful
2026-03-16 18:20:25,490 DEBUG DbLibraryStore [main] Attempting to lend ISBN 174213 to member ID 1
2026-03-16 18:20:25,496 INFO DbLibraryStore [main] Succesfully lent item (ISBN: 174213) to member 1
2026-03-16 18:20:25,522 INFO DbLibraryStore [main] Initializing database, seeding data
2026-03-16 18:20:25,527 INFO DbLibraryStore [main] Seeding initial book data...
2026-03-16 18:20:25,534 INFO DbLibraryStore [main] Database seeding successful
2026-03-16 18:20:25,544 INFO DbLibraryStore [main] Initializing database, seeding data
2026-03-16 18:20:25,551 INFO DbLibraryStore [main] Seeding initial book data...
2026-03-16 18:20:25,556 INFO DbLibraryStore [main] Database seeding successful
2026-03-16 18:20:25,562 INFO DbLibraryStore [main] Title 'Test Book' added to database.
2026-03-16 18:20:25,574 DEBUG DbLibraryStore [main] Attempting to lend ISBN 999999 to member ID 1
2026-03-16 18:20:25,580 INFO DbLibraryStore [main] Succesfully lent item (ISBN: 999999) to member 1
2026-03-16 18:20:25,580 DEBUG DbLibraryStore [main] Processing return for ISBN 999999 from member 1
2026-03-16 18:20:25,586 INFO DbLibraryStore [main] Item 999999 successfully returned by member 1
2026-03-16 18:20:25,597 INFO DbLibraryStore [main] Initializing database, seeding data
2026-03-16 18:20:25,603 INFO DbLibraryStore [main] Seeding initial book data...
2026-03-16 18:20:25,608 INFO DbLibraryStore [main] Database seeding successful
2026-03-16 18:20:25,656 FATAL DbLibraryStore [main] Member Member@1207a196 deleted due to repeated violation
2026-03-16 18:20:25,679 INFO DbLibraryStore [main] Initializing database, seeding data
2026-03-16 18:20:25,686 INFO DbLibraryStore [main] Seeding initial book data...
2026-03-16 18:20:25,692 INFO DbLibraryStore [main] Database seeding successful
2026-03-16 18:20:25,724 DEBUG DbLibraryStore [main] Attempting to lend ISBN 238103 to member ID 1
2026-03-16 18:20:25,732 INFO DbLibraryStore [main] Succesfully lent item (ISBN: 238103) to member 1
2026-03-16 18:20:25,733 DEBUG DbLibraryStore [main] Attempting to lend ISBN 238103 to member ID 1
2026-03-16 18:20:25,739 INFO DbLibraryStore [main] Succesfully lent item (ISBN: 238103) to member 1
2026-03-16 18:20:25,740 DEBUG DbLibraryStore [main] Attempting to lend ISBN 146123 to member ID 1
2026-03-16 18:20:25,745 INFO DbLibraryStore [main] Succesfully lent item (ISBN: 146123) to member 1
2026-03-16 18:20:25,761 INFO DbLibraryStore [main] Initializing database, seeding data
2026-03-16 18:20:25,767 INFO DbLibraryStore [main] Seeding initial book data...
2026-03-16 18:20:25,772 INFO DbLibraryStore [main] Database seeding successful
2026-03-16 18:20:25,778 DEBUG DbLibraryStore [main] Attempting to lend ISBN 102938 to member ID 0001
2026-03-16 18:20:25,784 INFO DbLibraryStore [main] Succesfully lent item (ISBN: 102938) to member 0001
2026-03-16 18:20:25,785 DEBUG DbLibraryStore [main] Attempting to lend ISBN 102938 to member ID 0001
2026-03-16 18:20:25,791 INFO DbLibraryStore [main] Succesfully lent item (ISBN: 102938) to member 0001
2026-03-16 18:20:25,792 DEBUG DbLibraryStore [main] Attempting to lend ISBN 102938 to member ID 0001
2026-03-16 18:20:25,797 INFO DbLibraryStore [main] Succesfully lent item (ISBN: 102938) to member 0001
2026-03-16 18:20:25,815 INFO DbLibraryStore [main] Initializing database, seeding data
2026-03-16 18:20:25,821 INFO DbLibraryStore [main] Seeding initial book data...
2026-03-16 18:20:25,825 INFO DbLibraryStore [main] Database seeding successful
2026-03-16 18:28:55,956 DEBUG DbLibraryStore [main] Attempting to lend ISBN 238103 to member ID 1
2026-03-16 18:28:55,967 INFO DbLibraryStore [main] Succesfully lent item (ISBN: 238103) to member 1
2026-03-16 18:29:05,552 DEBUG DbLibraryStore [main] Processing return for ISBN 238103 from member 1
2026-03-16 18:29:05,557 INFO DbLibraryStore [main] Item 238103 successfully returned by member 1
